<?xml version="1.0" encoding="UTF-8"?>
<!-- Generated by org.testng.reporters.JUnitReportReporter -->
<testsuite hostname="LAPTOP-VLCNK2V1" failures="0" tests="1" name="com.telus.NewTest" time="17.255" errors="0" timestamp="2023-03-01T10:27:58 IST" skipped="0">
  <testcase classname="com.telus.NewTest" name="registerDemo" time="17.255"/>
  <system-out/>
</testsuite> <!-- com.telus.NewTest -->
